# JRE version: Java(TM) SE Runtime Environment (8.0_31-b13) (build 1.8.0_31-b13)
# Java VM: Java HotSpot(TM) 64-Bit Server VM (25.31-b07 mixed mode linux-amd64 compressed oops)
Heap:
 garbage-first heap   total 33792K, used 23497K [0x00000000c4200000, 0x00000000c6300000, 0x0000000100000000)
  region size 1024K, 5 young (5120K), 2 survivors (2048K)
 Metaspace       used 41083K, capacity 43872K, committed 44120K, reserved 1087488K
  class space    used 4821K, capacity 5671K, committed 5760K, reserved 1048576K
Heap Regions: (Y=young(eden), SU=young(survivor), HS=humongous(starts), HC=humongous(continues), CS=collection set, F=free, TS=gc time stamp, PTAMS=previous top-at-mark-start, NTAMS=next top-at-mark-start)
            TS     0 PTAMS 0x00000000c42ffff8 NTAMS 0x00000000c42ffff8 space 1024K,  99% used [0x00000000c4200000, 0x00000000c42ffff8, 0x00000000c4300000)
            TS     0 PTAMS 0x00000000c43fffd0 NTAMS 0x00000000c43fffd0 space 1024K,  99% used [0x00000000c4300000, 0x00000000c43fffd0, 0x00000000c4400000)
            TS     0 PTAMS 0x00000000c44fffe8 NTAMS 0x00000000c44fffe8 space 1024K,  99% used [0x00000000c4400000, 0x00000000c44fffe8, 0x00000000c4500000)
            TS     0 PTAMS 0x00000000c45fffd8 NTAMS 0x00000000c45fffd8 space 1024K,  99% used [0x00000000c4500000, 0x00000000c45fffd8, 0x00000000c4600000)
            TS     0 PTAMS 0x00000000c46fffa0 NTAMS 0x00000000c46fffa0 space 1024K,  99% used [0x00000000c4600000, 0x00000000c46fffa0, 0x00000000c4700000)
            TS     0 PTAMS 0x00000000c4800000 NTAMS 0x00000000c4800000 space 1024K, 100% used [0x00000000c4700000, 0x00000000c4800000, 0x00000000c4800000)
            TS     0 PTAMS 0x00000000c48fffa0 NTAMS 0x00000000c48fffa0 space 1024K,  99% used [0x00000000c4800000, 0x00000000c48fffa0, 0x00000000c4900000)
            TS     0 PTAMS 0x00000000c49ffff8 NTAMS 0x00000000c49ffff8 space 1024K,  99% used [0x00000000c4900000, 0x00000000c49ffff8, 0x00000000c4a00000)
            TS     0 PTAMS 0x00000000c4b00000 NTAMS 0x00000000c4b00000 space 1024K, 100% used [0x00000000c4a00000, 0x00000000c4b00000, 0x00000000c4b00000)
            TS     0 PTAMS 0x00000000c4bfffd8 NTAMS 0x00000000c4bfffd8 space 1024K,  99% used [0x00000000c4b00000, 0x00000000c4bfffd8, 0x00000000c4c00000)
            TS     0 PTAMS 0x00000000c4cfffd8 NTAMS 0x00000000c4cfffd8 space 1024K,  99% used [0x00000000c4c00000, 0x00000000c4cfffd8, 0x00000000c4d00000)
            TS     0 PTAMS 0x00000000c4dffff0 NTAMS 0x00000000c4dffff0 space 1024K,  99% used [0x00000000c4d00000, 0x00000000c4dffff0, 0x00000000c4e00000)
            TS     0 PTAMS 0x00000000c4eff550 NTAMS 0x00000000c4eff550 space 1024K,  99% used [0x00000000c4e00000, 0x00000000c4eff550, 0x00000000c4f00000)
            TS     0 PTAMS 0x00000000c4ff31a8 NTAMS 0x00000000c4ff31a8 space 1024K,  94% used [0x00000000c4f00000, 0x00000000c4ff31a8, 0x00000000c5000000)
            TS     0 PTAMS 0x00000000c5100000 NTAMS 0x00000000c5100000 space 1024K, 100% used [0x00000000c5000000, 0x00000000c5100000, 0x00000000c5100000)
          F TS     0 PTAMS 0x00000000c5100000 NTAMS 0x00000000c5100000 space 1024K,   0% used [0x00000000c5100000, 0x00000000c5100000, 0x00000000c5200000)
            TS     0 PTAMS 0x00000000c5300000 NTAMS 0x00000000c5300000 space 1024K, 100% used [0x00000000c5200000, 0x00000000c5300000, 0x00000000c5300000)
            TS     0 PTAMS 0x00000000c5400000 NTAMS 0x00000000c5400000 space 1024K, 100% used [0x00000000c5300000, 0x00000000c5400000, 0x00000000c5400000)
          F TS     0 PTAMS 0x00000000c5400000 NTAMS 0x00000000c5400000 space 1024K,   0% used [0x00000000c5400000, 0x00000000c5400000, 0x00000000c5500000)
          F TS     0 PTAMS 0x00000000c5500000 NTAMS 0x00000000c5500000 space 1024K,   0% used [0x00000000c5500000, 0x00000000c5500000, 0x00000000c5600000)
            TS     0 PTAMS 0x00000000c5700000 NTAMS 0x00000000c5700000 space 1024K, 100% used [0x00000000c5600000, 0x00000000c5700000, 0x00000000c5700000)
            TS     0 PTAMS 0x00000000c5800000 NTAMS 0x00000000c5800000 space 1024K, 100% used [0x00000000c5700000, 0x00000000c5800000, 0x00000000c5800000)
    CS SU   TS     0 PTAMS 0x00000000c5800000 NTAMS 0x00000000c5800000 space 1024K, 100% used [0x00000000c5800000, 0x00000000c5900000, 0x00000000c5900000)
    CS SU   TS     0 PTAMS 0x00000000c5900000 NTAMS 0x00000000c5900000 space 1024K, 100% used [0x00000000c5900000, 0x00000000c5a00000, 0x00000000c5a00000)
          F TS     0 PTAMS 0x00000000c5a00000 NTAMS 0x00000000c5a00000 space 1024K,   0% used [0x00000000c5a00000, 0x00000000c5a00000, 0x00000000c5b00000)
          F TS     0 PTAMS 0x00000000c5b00000 NTAMS 0x00000000c5b00000 space 1024K,   0% used [0x00000000c5b00000, 0x00000000c5b00000, 0x00000000c5c00000)
          F TS     0 PTAMS 0x00000000c5c00000 NTAMS 0x00000000c5c00000 space 1024K,   0% used [0x00000000c5c00000, 0x00000000c5c00000, 0x00000000c5d00000)
          F TS     0 PTAMS 0x00000000c5d00000 NTAMS 0x00000000c5d00000 space 1024K,   0% used [0x00000000c5d00000, 0x00000000c5d00000, 0x00000000c5e00000)
          F TS     0 PTAMS 0x00000000c5e00000 NTAMS 0x00000000c5e00000 space 1024K,   0% used [0x00000000c5e00000, 0x00000000c5e00000, 0x00000000c5f00000)
          F TS     0 PTAMS 0x00000000c5f00000 NTAMS 0x00000000c5f00000 space 1024K,   0% used [0x00000000c5f00000, 0x00000000c5f00000, 0x00000000c6000000)
       Y    TS     0 PTAMS 0x00000000c6000000 NTAMS 0x00000000c6000000 space 1024K,  84% used [0x00000000c6000000, 0x00000000c60d7340, 0x00000000c6100000)
    CS Y    TS     0 PTAMS 0x00000000c6100000 NTAMS 0x00000000c6100000 space 1024K, 100% used [0x00000000c6100000, 0x00000000c6200000, 0x00000000c6200000)
    CS Y    TS     0 PTAMS 0x00000000c6200000 NTAMS 0x00000000c6200000 space 1024K, 100% used [0x00000000c6200000, 0x00000000c6300000, 0x00000000c6300000)
GC Heap History (10 events):
Event: 6.332 GC heap before
{Heap before GC invocations=9 (full 1):
 garbage-first heap   total 33792K, used 27057K [0x00000000c4200000, 0x00000000c6300000, 0x0000000100000000)
  region size 1024K, 11 young (11264K), 2 survivors (2048K)
 Metaspace       used 28640K, capacity 30806K, committed 31104K, reserved 1077248K
  class space    used 3225K, capacity 3874K, committed 3968K, reserved 1048576K
Event: 6.338 GC heap after
Heap after GC invocations=10 (full 1):
 garbage-first heap   total 33792K, used 21101K [0x00000000c4200000, 0x00000000c6300000, 0x0000000100000000)
  region size 1024K, 2 young (2048K), 2 survivors (2048K)
 Metaspace       used 28640K, capacity 30806K, committed 31104K, reserved 1077248K
  class space    used 3225K, capacity 3874K, committed 3968K, reserved 1048576K
}
Event: 6.846 GC heap before
{Heap before GC invocations=11 (full 1):
 garbage-first heap   total 33792K, used 24173K [0x00000000c4200000, 0x00000000c6300000, 0x0000000100000000)
  region size 1024K, 8 young (8192K), 2 survivors (2048K)
 Metaspace       used 30607K, capacity 32804K, committed 32896K, reserved 1077248K
  class space    used 3488K, capacity 4132K, committed 4224K, reserved 1048576K
Event: 6.850 GC heap after
Heap after GC invocations=12 (full 1):
 garbage-first heap   total 33792K, used 21293K [0x00000000c4200000, 0x00000000c6300000, 0x0000000100000000)
  region size 1024K, 1 young (1024K), 1 survivors (1024K)
 Metaspace       used 30607K, capacity 32804K, committed 32896K, reserved 1077248K
  class space    used 3488K, capacity 4132K, committed 4224K, reserved 1048576K
}
Event: 7.084 GC heap before
{Heap before GC invocations=12 (full 1):
 garbage-first heap   total 33792K, used 24365K [0x00000000c4200000, 0x00000000c6300000, 0x0000000100000000)
  region size 1024K, 5 young (5120K), 1 survivors (1024K)
 Metaspace       used 33078K, capacity 35324K, committed 35416K, reserved 1081344K
  class space    used 3786K, capacity 4460K, committed 4480K, reserved 1048576K
Event: 7.182 GC heap after
Heap after GC invocations=13 (full 2):
 garbage-first heap   total 33792K, used 14281K [0x00000000c4200000, 0x00000000c6300000, 0x0000000100000000)
  region size 1024K, 0 young (0K), 0 survivors (0K)
 Metaspace       used 33078K, capacity 35324K, committed 35416K, reserved 1081344K
  class space    used 3786K, capacity 4460K, committed 4480K, reserved 1048576K
}
Event: 7.651 GC heap before
{Heap before GC invocations=13 (full 2):
 garbage-first heap   total 33792K, used 27593K [0x00000000c4200000, 0x00000000c6300000, 0x0000000100000000)
  region size 1024K, 13 young (13312K), 0 survivors (0K)
 Metaspace       used 38195K, capacity 40816K, committed 41048K, reserved 1085440K
  class space    used 4401K, capacity 5163K, committed 5248K, reserved 1048576K
Event: 7.658 GC heap after
Heap after GC invocations=14 (full 2):
 garbage-first heap   total 33792K, used 18377K [0x00000000c4200000, 0x00000000c6300000, 0x0000000100000000)
  region size 1024K, 2 young (2048K), 2 survivors (2048K)
 Metaspace       used 38195K, capacity 40816K, committed 41048K, reserved 1085440K
  class space    used 4401K, capacity 5163K, committed 5248K, reserved 1048576K
}
Event: 8.136 GC heap before
{Heap before GC invocations=14 (full 2):
 garbage-first heap   total 33792K, used 27593K [0x00000000c4200000, 0x00000000c6300000, 0x0000000100000000)
  region size 1024K, 11 young (11264K), 2 survivors (2048K)
 Metaspace       used 40351K, capacity 43058K, committed 43352K, reserved 1087488K
  class space    used 4717K, capacity 5465K, committed 5504K, reserved 1048576K
Event: 8.149 GC heap after
Heap after GC invocations=15 (full 2):
 garbage-first heap   total 33792K, used 22473K [0x00000000c4200000, 0x00000000c6300000, 0x0000000100000000)
  region size 1024K, 2 young (2048K), 2 survivors (2048K)
 Metaspace       used 40351K, capacity 43058K, committed 43352K, reserved 1087488K
  class space    used 4717K, capacity 5465K, committed 5504K, reserved 1048576K
}

